<?xml version="1.0" encoding="UTF-8"?>
<!-- Generated by org.testng.reporters.JUnitReportReporter -->
<testsuite hostname="DESKTOP-UMJ7NR2" name="shortRides.ShortRidesTests" tests="1" failures="0" timestamp="27 Aug 2018 11:39:15 GMT" time="391.527" errors="0">
  <testcase name="bookARide" time="391.527" classname="shortRides.ShortRidesTests"/>
</testsuite>
