<?xml version="1.0" encoding="UTF-8"?>
<!-- Generated by org.testng.reporters.JUnitReportReporter -->
<testsuite hostname="DESKTOP-UMJ7NR2" name="LHNav.LHNavLinksTests" tests="1" failures="0" timestamp="9 Aug 2018 05:36:17 GMT" time="10.693" errors="0">
  <testcase name="verifyLHNavLinksArePresent" time="10.693" classname="LHNav.LHNavLinksTests"/>
</testsuite>
