<?xml version="1.0" encoding="UTF-8"?>
<!-- Generated by org.testng.reporters.JUnitReportReporter -->
<testsuite hostname="DESKTOP-UMJ7NR2" name="users.NewUserTests" tests="2" failures="0" timestamp="17 Aug 2018 05:42:46 GMT" time="89.200" errors="0">
  <testcase name="initiateDriver" time="15.066" classname="users.NewUserTests"/>
  <testcase name="userRegistrationFromAPK" time="74.134" classname="users.NewUserTests"/>
</testsuite>
