<?xml version="1.0" encoding="UTF-8"?>
<!-- Generated by org.testng.reporters.JUnitReportReporter -->
<testsuite hostname="DESKTOP-UMJ7NR2" name="shortRides.ShortRides_ValidationTests" tests="1" failures="0" timestamp="28 Aug 2018 06:49:45 GMT" time="16.550" errors="0">
  <testcase name="bikeCardScrollWorks" time="16.550" classname="shortRides.ShortRides_ValidationTests"/>
</testsuite>
