<?xml version="1.0" encoding="UTF-8"?>
<!-- Generated by org.testng.reporters.JUnitReportReporter -->
<testsuite hostname="DESKTOP-UMJ7NR2" name="newUser.ExistingUser" tests="5" failures="0" timestamp="30 Jul 2018 10:46:25 GMT" time="141.358" errors="0">
  <testcase name="provide_permissions" time="23.342" classname="newUser.ExistingUser"/>
  <testcase name="invokeApp" time="11.556" classname="newUser.ExistingUser"/>
  <testcase name="checkIfAppIsInstalled" time="8.207" classname="newUser.ExistingUser"/>
  <testcase name="verifyLHNav" time="6.680" classname="newUser.ExistingUser"/>
  <testcase name="installAppFromGooglePlayStore" time="91.573" classname="newUser.ExistingUser"/>
</testsuite>
