<?xml version="1.0" encoding="UTF-8"?>
<!-- Generated by org.testng.reporters.JUnitReportReporter -->
<testsuite hostname="DESKTOP-UMJ7NR2" name="users.NewUser" tests="4" failures="0" timestamp="3 Aug 2018 07:22:39 GMT" time="82.352" errors="0">
  <testcase name="initiateDriver" time="9.384" classname="users.NewUser"/>
  <testcase name="userRegistrationFromAPK" time="67.556" classname="users.NewUser"/>
  <testcase name="verifyLHNavLinksArePresent" time="3.893" classname="users.NewUser"/>
  <testcase name="verifyLHNavLinkTexts" time="1.519" classname="users.NewUser"/>
</testsuite>
